2013-01-19T03:08:45+00:00 ERR (3): Warning: array_key_exists() expects parameter 2 to be array, null given  in /var/www/html/storedev/app/code/core/Mage/Captcha/Model/Observer.php on line 166
2013-01-19T05:59:43+00:00 ERR (3): Notice: Undefined index: conditions  in /var/www/html/store/app/code/local/EM/Productsfilterwidget/Block/Productsfilterwidget.php on line 153
2013-01-19T05:59:44+00:00 ERR (3): Notice: Undefined index: conditions  in /var/www/html/store/app/code/local/EM/Productsfilterwidget/Block/Productsfilterwidget.php on line 153
2013-01-19T06:00:43+00:00 ERR (3): Notice: Undefined index: conditions  in /var/www/html/store/app/code/local/EM/Productsfilterwidget/Block/Productsfilterwidget.php on line 153
2013-01-19T06:00:44+00:00 ERR (3): Notice: Undefined index: conditions  in /var/www/html/store/app/code/local/EM/Productsfilterwidget/Block/Productsfilterwidget.php on line 153
2013-01-19T06:03:24+00:00 ERR (3): Notice: Undefined index: conditions  in /var/www/html/store/app/code/local/EM/Productsfilterwidget/Block/Productsfilterwidget.php on line 153
2013-01-19T06:03:25+00:00 ERR (3): Notice: Undefined index: conditions  in /var/www/html/store/app/code/local/EM/Productsfilterwidget/Block/Productsfilterwidget.php on line 36
2013-01-19T06:03:25+00:00 ERR (3): Notice: Undefined index: conditions  in /var/www/html/store/app/code/local/EM/Productsfilterwidget/Block/Productsfilterwidget.php on line 36
2013-01-19T06:07:17+00:00 ERR (3): Notice: Undefined index: conditions  in /var/www/html/store/app/code/local/EM/Productsfilterwidget/Block/Productsfilterwidget.php on line 153
2013-01-19T06:07:18+00:00 ERR (3): Notice: Undefined index: conditions  in /var/www/html/store/app/code/local/EM/Productsfilterwidget/Block/Productsfilterwidget.php on line 36
2013-01-19T06:07:18+00:00 ERR (3): Notice: Undefined index: conditions  in /var/www/html/store/app/code/local/EM/Productsfilterwidget/Block/Productsfilterwidget.php on line 36
2013-01-19T06:08:02+00:00 ERR (3): Notice: Undefined index: conditions  in /var/www/html/store/app/code/local/EM/Productsfilterwidget/Block/Productsfilterwidget.php on line 153
2013-01-19T06:08:02+00:00 ERR (3): Notice: Undefined index: conditions  in /var/www/html/store/app/code/local/EM/Productsfilterwidget/Block/Productsfilterwidget.php on line 36
2013-01-19T06:08:02+00:00 ERR (3): Notice: Undefined index: conditions  in /var/www/html/store/app/code/local/EM/Productsfilterwidget/Block/Productsfilterwidget.php on line 36
2013-01-19T06:08:37+00:00 ERR (3): Notice: Undefined index: conditions  in /var/www/html/store/app/code/local/EM/Productsfilterwidget/Block/Productsfilterwidget.php on line 153
2013-01-19T06:08:38+00:00 ERR (3): Notice: Undefined index: conditions  in /var/www/html/store/app/code/local/EM/Productsfilterwidget/Block/Productsfilterwidget.php on line 36
2013-01-19T06:08:38+00:00 ERR (3): Notice: Undefined index: conditions  in /var/www/html/store/app/code/local/EM/Productsfilterwidget/Block/Productsfilterwidget.php on line 36
2013-01-19T07:49:18+00:00 ERR (3): Notice: Undefined index: conditions  in /var/www/html/store/app/code/local/EM/Productsfilterwidget/Block/Productsfilterwidget.php on line 153
2013-01-19T07:49:19+00:00 ERR (3): Notice: Undefined index: conditions  in /var/www/html/store/app/code/local/EM/Productsfilterwidget/Block/Productsfilterwidget.php on line 36
2013-01-19T07:49:19+00:00 ERR (3): Notice: Undefined index: conditions  in /var/www/html/store/app/code/local/EM/Productsfilterwidget/Block/Productsfilterwidget.php on line 36
2013-01-19T07:51:54+00:00 ERR (3): Notice: Trying to get property of non-object  in /var/www/html/store/app/code/core/Mage/Adminhtml/Model/Config/Data.php on line 135
2013-01-19T07:51:54+00:00 ERR (3): Notice: Trying to get property of non-object  in /var/www/html/store/app/code/core/Mage/Adminhtml/Model/Config/Data.php on line 135
2013-01-19T07:51:54+00:00 ERR (3): Notice: Trying to get property of non-object  in /var/www/html/store/app/code/core/Mage/Adminhtml/Model/Config/Data.php on line 135
2013-01-19T07:51:54+00:00 ERR (3): Notice: Trying to get property of non-object  in /var/www/html/store/app/code/core/Mage/Adminhtml/Model/Config/Data.php on line 135
2013-01-19T07:52:07+00:00 ERR (3): Notice: Trying to get property of non-object  in /var/www/html/store/app/code/core/Mage/Adminhtml/Model/Config/Data.php on line 135
2013-01-19T07:52:07+00:00 ERR (3): Notice: Trying to get property of non-object  in /var/www/html/store/app/code/core/Mage/Adminhtml/Model/Config/Data.php on line 135
2013-01-19T07:52:07+00:00 ERR (3): Notice: Trying to get property of non-object  in /var/www/html/store/app/code/core/Mage/Adminhtml/Model/Config/Data.php on line 135
2013-01-19T07:52:07+00:00 ERR (3): Notice: Trying to get property of non-object  in /var/www/html/store/app/code/core/Mage/Adminhtml/Model/Config/Data.php on line 135
2013-01-19T07:52:39+00:00 ERR (3): Notice: Undefined index: conditions  in /var/www/html/store/app/code/local/EM/Productsfilterwidget/Block/Productsfilterwidget.php on line 153
2013-01-19T07:52:39+00:00 ERR (3): Notice: Undefined index: conditions  in /var/www/html/store/app/code/local/EM/Productsfilterwidget/Block/Productsfilterwidget.php on line 36
2013-01-19T07:52:39+00:00 ERR (3): Notice: Undefined index: conditions  in /var/www/html/store/app/code/local/EM/Productsfilterwidget/Block/Productsfilterwidget.php on line 36
2013-01-19T12:02:47+00:00 ERR (3): Notice: Undefined index: conditions  in /var/www/html/store/app/code/local/EM/Productsfilterwidget/Block/Productsfilterwidget.php on line 153
2013-01-19T12:02:48+00:00 ERR (3): Notice: Undefined index: conditions  in /var/www/html/store/app/code/local/EM/Productsfilterwidget/Block/Productsfilterwidget.php on line 36
2013-01-19T12:02:48+00:00 ERR (3): Notice: Undefined index: conditions  in /var/www/html/store/app/code/local/EM/Productsfilterwidget/Block/Productsfilterwidget.php on line 36
2013-01-19T12:18:05+00:00 ERR (3): Notice: Undefined index: conditions  in /var/www/html/store/app/code/local/EM/Productsfilterwidget/Block/Productsfilterwidget.php on line 153
2013-01-19T12:18:05+00:00 ERR (3): Notice: Undefined index: conditions  in /var/www/html/store/app/code/local/EM/Productsfilterwidget/Block/Productsfilterwidget.php on line 36
2013-01-19T12:18:06+00:00 ERR (3): Notice: Undefined index: conditions  in /var/www/html/store/app/code/local/EM/Productsfilterwidget/Block/Productsfilterwidget.php on line 36
2013-01-19T12:19:57+00:00 ERR (3): Notice: Undefined index: conditions  in /var/www/html/store/app/code/local/EM/Productsfilterwidget/Block/Productsfilterwidget.php on line 153
2013-01-19T12:19:58+00:00 ERR (3): Notice: Undefined index: conditions  in /var/www/html/store/app/code/local/EM/Productsfilterwidget/Block/Productsfilterwidget.php on line 36
2013-01-19T12:19:58+00:00 ERR (3): Notice: Undefined index: conditions  in /var/www/html/store/app/code/local/EM/Productsfilterwidget/Block/Productsfilterwidget.php on line 36
2013-01-19T12:20:02+00:00 ERR (3): Notice: Undefined index: conditions  in /var/www/html/store/app/code/local/EM/Productsfilterwidget/Block/Productsfilterwidget.php on line 153
2013-01-19T12:20:02+00:00 ERR (3): Notice: Undefined index: conditions  in /var/www/html/store/app/code/local/EM/Productsfilterwidget/Block/Productsfilterwidget.php on line 36
2013-01-19T12:20:03+00:00 ERR (3): Notice: Undefined index: conditions  in /var/www/html/store/app/code/local/EM/Productsfilterwidget/Block/Productsfilterwidget.php on line 36
2013-01-19T12:20:42+00:00 ERR (3): Notice: Undefined index: conditions  in /var/www/html/store/app/code/local/EM/Productsfilterwidget/Block/Productsfilterwidget.php on line 153
2013-01-19T12:20:43+00:00 ERR (3): Notice: Undefined index: conditions  in /var/www/html/store/app/code/local/EM/Productsfilterwidget/Block/Productsfilterwidget.php on line 36
2013-01-19T12:20:43+00:00 ERR (3): Notice: Undefined index: conditions  in /var/www/html/store/app/code/local/EM/Productsfilterwidget/Block/Productsfilterwidget.php on line 36
2013-01-19T12:30:06+00:00 ERR (3): Notice: Undefined index: conditions  in /var/www/html/store/app/code/local/EM/Productsfilterwidget/Block/Productsfilterwidget.php on line 153
2013-01-19T12:30:07+00:00 ERR (3): Notice: Undefined index: conditions  in /var/www/html/store/app/code/local/EM/Productsfilterwidget/Block/Productsfilterwidget.php on line 36
2013-01-19T12:30:07+00:00 ERR (3): Notice: Undefined index: conditions  in /var/www/html/store/app/code/local/EM/Productsfilterwidget/Block/Productsfilterwidget.php on line 36
2013-01-19T12:30:32+00:00 ERR (3): Notice: Undefined index: conditions  in /var/www/html/store/app/code/local/EM/Productsfilterwidget/Block/Productsfilterwidget.php on line 153
2013-01-19T12:30:33+00:00 ERR (3): Notice: Undefined index: conditions  in /var/www/html/store/app/code/local/EM/Productsfilterwidget/Block/Productsfilterwidget.php on line 36
2013-01-19T12:30:33+00:00 ERR (3): Notice: Undefined index: conditions  in /var/www/html/store/app/code/local/EM/Productsfilterwidget/Block/Productsfilterwidget.php on line 36
2013-01-19T12:57:15+00:00 ERR (3): Notice: Undefined index: conditions  in /var/www/html/store/app/code/local/EM/Productsfilterwidget/Block/Productsfilterwidget.php on line 36
2013-01-19T12:57:15+00:00 ERR (3): Notice: Undefined index: conditions  in /var/www/html/store/app/code/local/EM/Productsfilterwidget/Block/Productsfilterwidget.php on line 153
2013-01-19T13:12:23+00:00 ERR (3): Notice: Undefined index: conditions  in /var/www/html/store/app/code/local/EM/Productsfilterwidget/Block/Productsfilterwidget.php on line 36
2013-01-19T13:12:23+00:00 ERR (3): Notice: Undefined index: conditions  in /var/www/html/store/app/code/local/EM/Productsfilterwidget/Block/Productsfilterwidget.php on line 153
2013-01-19T13:16:56+00:00 ERR (3): Notice: Undefined offset: 1  in /var/www/html/store/lib/tcpdf/tcpdf.php on line 23311
2013-01-19T13:16:56+00:00 ERR (3): Notice: Undefined offset: 1  in /var/www/html/store/lib/tcpdf/tcpdf.php on line 23311
2013-01-19T13:16:56+00:00 ERR (3): Notice: Undefined offset: 1  in /var/www/html/store/lib/tcpdf/tcpdf.php on line 23311
2013-01-19T13:16:56+00:00 ERR (3): Notice: Undefined offset: 1  in /var/www/html/store/lib/tcpdf/tcpdf.php on line 23311
2013-01-19T13:16:56+00:00 ERR (3): Notice: Undefined offset: 1  in /var/www/html/store/lib/tcpdf/tcpdf.php on line 23311
2013-01-19T13:16:56+00:00 ERR (3): Notice: Undefined offset: 1  in /var/www/html/store/lib/tcpdf/tcpdf.php on line 23311
2013-01-19T13:37:19+00:00 ERR (3): Notice: Undefined offset: 1  in /var/www/html/store/lib/tcpdf/tcpdf.php on line 23311
2013-01-19T13:37:19+00:00 ERR (3): Notice: Undefined offset: 1  in /var/www/html/store/lib/tcpdf/tcpdf.php on line 23311
2013-01-19T13:37:19+00:00 ERR (3): Notice: Undefined offset: 1  in /var/www/html/store/lib/tcpdf/tcpdf.php on line 23311
2013-01-19T13:37:19+00:00 ERR (3): Notice: Undefined offset: 1  in /var/www/html/store/lib/tcpdf/tcpdf.php on line 23311
2013-01-19T13:37:19+00:00 ERR (3): Notice: Undefined offset: 1  in /var/www/html/store/lib/tcpdf/tcpdf.php on line 23311
2013-01-19T13:37:19+00:00 ERR (3): Notice: Undefined offset: 1  in /var/www/html/store/lib/tcpdf/tcpdf.php on line 23311
2013-01-19T13:38:12+00:00 ERR (3): Notice: Undefined offset: 1  in /var/www/html/store/lib/tcpdf/tcpdf.php on line 23311
2013-01-19T13:38:12+00:00 ERR (3): Notice: Undefined offset: 1  in /var/www/html/store/lib/tcpdf/tcpdf.php on line 23311
2013-01-19T13:38:12+00:00 ERR (3): Notice: Undefined offset: 1  in /var/www/html/store/lib/tcpdf/tcpdf.php on line 23311
2013-01-19T13:38:12+00:00 ERR (3): Notice: Undefined offset: 1  in /var/www/html/store/lib/tcpdf/tcpdf.php on line 23311
2013-01-19T13:38:12+00:00 ERR (3): Notice: Undefined offset: 1  in /var/www/html/store/lib/tcpdf/tcpdf.php on line 23311
2013-01-19T13:38:12+00:00 ERR (3): Notice: Undefined offset: 1  in /var/www/html/store/lib/tcpdf/tcpdf.php on line 23311
2013-01-19T13:38:42+00:00 ERR (3): Notice: Undefined offset: 1  in /var/www/html/store/lib/tcpdf/tcpdf.php on line 23311
2013-01-19T13:38:42+00:00 ERR (3): Notice: Undefined offset: 1  in /var/www/html/store/lib/tcpdf/tcpdf.php on line 23311
2013-01-19T13:38:42+00:00 ERR (3): Notice: Undefined offset: 1  in /var/www/html/store/lib/tcpdf/tcpdf.php on line 23311
2013-01-19T13:38:42+00:00 ERR (3): Notice: Undefined offset: 1  in /var/www/html/store/lib/tcpdf/tcpdf.php on line 23311
2013-01-19T13:38:42+00:00 ERR (3): Notice: Undefined offset: 1  in /var/www/html/store/lib/tcpdf/tcpdf.php on line 23311
2013-01-19T13:38:42+00:00 ERR (3): Notice: Undefined offset: 1  in /var/www/html/store/lib/tcpdf/tcpdf.php on line 23311
2013-01-19T13:41:38+00:00 ERR (3): Notice: Undefined offset: 1  in /var/www/html/store/lib/tcpdf/tcpdf.php on line 23311
2013-01-19T13:41:38+00:00 ERR (3): Notice: Undefined offset: 1  in /var/www/html/store/lib/tcpdf/tcpdf.php on line 23311
2013-01-19T13:41:38+00:00 ERR (3): Notice: Undefined offset: 1  in /var/www/html/store/lib/tcpdf/tcpdf.php on line 23311
2013-01-19T13:41:38+00:00 ERR (3): Notice: Undefined offset: 1  in /var/www/html/store/lib/tcpdf/tcpdf.php on line 23311
2013-01-19T13:41:38+00:00 ERR (3): Notice: Undefined offset: 1  in /var/www/html/store/lib/tcpdf/tcpdf.php on line 23311
2013-01-19T13:41:38+00:00 ERR (3): Notice: Undefined offset: 1  in /var/www/html/store/lib/tcpdf/tcpdf.php on line 23311
2013-01-19T13:44:14+00:00 ERR (3): Notice: Undefined offset: 1  in /var/www/html/store/lib/tcpdf/tcpdf.php on line 23311
2013-01-19T13:44:14+00:00 ERR (3): Notice: Undefined offset: 1  in /var/www/html/store/lib/tcpdf/tcpdf.php on line 23311
2013-01-19T13:44:14+00:00 ERR (3): Notice: Undefined offset: 1  in /var/www/html/store/lib/tcpdf/tcpdf.php on line 23311
2013-01-19T13:44:14+00:00 ERR (3): Notice: Undefined offset: 1  in /var/www/html/store/lib/tcpdf/tcpdf.php on line 23311
2013-01-19T13:44:14+00:00 ERR (3): Notice: Undefined offset: 1  in /var/www/html/store/lib/tcpdf/tcpdf.php on line 23311
2013-01-19T13:44:14+00:00 ERR (3): Notice: Undefined offset: 1  in /var/www/html/store/lib/tcpdf/tcpdf.php on line 23311
2013-01-19T13:45:04+00:00 ERR (3): Notice: Undefined index: conditions  in /var/www/html/store/app/code/local/EM/Productsfilterwidget/Block/Productsfilterwidget.php on line 36
2013-01-19T13:45:04+00:00 ERR (3): Notice: Undefined index: conditions  in /var/www/html/store/app/code/local/EM/Productsfilterwidget/Block/Productsfilterwidget.php on line 153
2013-01-19T13:46:33+00:00 ERR (3): Notice: Undefined offset: 1  in /var/www/html/store/app/code/local/EM/Productsfilterwidget/Block/Action.php on line 48
2013-01-19T13:48:46+00:00 ERR (3): Notice: Undefined index: conditions  in /var/www/html/store/app/code/local/EM/Productsfilterwidget/Block/Productsfilterwidget.php on line 36
2013-01-19T13:50:09+00:00 ERR (3): Notice: Undefined offset: 1  in /var/www/html/store/app/code/local/EM/Productsfilterwidget/Block/Action.php on line 48
2013-01-19T13:52:20+00:00 ERR (3): Notice: Undefined offset: 1  in /var/www/html/store/app/code/local/EM/Productsfilterwidget/Block/Action.php on line 48
2013-01-19T13:52:57+00:00 ERR (3): Notice: Undefined index: conditions  in /var/www/html/store/app/code/local/EM/Productsfilterwidget/Block/Productsfilterwidget.php on line 36
2013-01-19T13:52:58+00:00 ERR (3): Notice: Undefined index: conditions  in /var/www/html/store/app/code/local/EM/Productsfilterwidget/Block/Productsfilterwidget.php on line 36
2013-01-19T13:53:32+00:00 ERR (3): Notice: Undefined index: conditions  in /var/www/html/store/app/code/local/EM/Productsfilterwidget/Block/Productsfilterwidget.php on line 36
2013-01-19T13:53:33+00:00 ERR (3): Notice: Undefined index: conditions  in /var/www/html/store/app/code/local/EM/Productsfilterwidget/Block/Productsfilterwidget.php on line 36
2013-01-19T13:53:46+00:00 ERR (3): Notice: Undefined index: conditions  in /var/www/html/store/app/code/local/EM/Productsfilterwidget/Block/Productsfilterwidget.php on line 36
2013-01-19T13:54:27+00:00 ERR (3): Notice: Undefined index: conditions  in /var/www/html/store/app/code/local/EM/Productsfilterwidget/Block/Productsfilterwidget.php on line 36
2013-01-19T13:54:27+00:00 ERR (3): Notice: Undefined index: conditions  in /var/www/html/store/app/code/local/EM/Productsfilterwidget/Block/Productsfilterwidget.php on line 36
2013-01-19T13:55:17+00:00 ERR (3): Notice: Undefined index: conditions  in /var/www/html/store/app/code/local/EM/Productsfilterwidget/Block/Productsfilterwidget.php on line 36
2013-01-19T13:55:17+00:00 ERR (3): Notice: Undefined index: conditions  in /var/www/html/store/app/code/local/EM/Productsfilterwidget/Block/Productsfilterwidget.php on line 36
2013-01-19T13:55:35+00:00 ERR (3): Notice: Undefined index: conditions  in /var/www/html/store/app/code/local/EM/Productsfilterwidget/Block/Productsfilterwidget.php on line 36
2013-01-19T13:55:35+00:00 ERR (3): Notice: Undefined index: conditions  in /var/www/html/store/app/code/local/EM/Productsfilterwidget/Block/Productsfilterwidget.php on line 36
2013-01-19T13:55:55+00:00 ERR (3): Notice: Undefined index: conditions  in /var/www/html/store/app/code/local/EM/Productsfilterwidget/Block/Productsfilterwidget.php on line 36
2013-01-19T13:56:24+00:00 ERR (3): Notice: Undefined index: conditions  in /var/www/html/store/app/code/local/EM/Productsfilterwidget/Block/Productsfilterwidget.php on line 36
2013-01-19T13:57:51+00:00 ERR (3): Notice: Undefined index: conditions  in /var/www/html/store/app/code/local/EM/Productsfilterwidget/Block/Productsfilterwidget.php on line 36
2013-01-19T13:59:26+00:00 ERR (3): Notice: Undefined offset: 1  in /var/www/html/store/app/code/local/EM/Productsfilterwidget/Block/Action.php on line 48
2013-01-19T14:00:31+00:00 ERR (3): Notice: Undefined index: conditions  in /var/www/html/store/app/code/local/EM/Productsfilterwidget/Block/Productsfilterwidget.php on line 36
2013-01-19T14:00:31+00:00 ERR (3): Notice: Undefined index: conditions  in /var/www/html/store/app/code/local/EM/Productsfilterwidget/Block/Productsfilterwidget.php on line 153
2013-01-19T14:01:23+00:00 ERR (3): Notice: Undefined index: conditions  in /var/www/html/store/app/code/local/EM/Productsfilterwidget/Block/Productsfilterwidget.php on line 36
2013-01-19T14:01:23+00:00 ERR (3): Notice: Undefined index: conditions  in /var/www/html/store/app/code/local/EM/Productsfilterwidget/Block/Productsfilterwidget.php on line 153
2013-01-19T14:01:55+00:00 ERR (3): Notice: Undefined index: conditions  in /var/www/html/store/app/code/local/EM/Productsfilterwidget/Block/Productsfilterwidget.php on line 36
2013-01-19T14:01:55+00:00 ERR (3): Notice: Undefined index: conditions  in /var/www/html/store/app/code/local/EM/Productsfilterwidget/Block/Productsfilterwidget.php on line 153
2013-01-19T14:14:26+00:00 ERR (3): Notice: Undefined offset: 1  in /var/www/html/store/lib/tcpdf/tcpdf.php on line 23311
2013-01-19T14:14:26+00:00 ERR (3): Notice: Undefined offset: 1  in /var/www/html/store/lib/tcpdf/tcpdf.php on line 23311
2013-01-19T14:14:26+00:00 ERR (3): Notice: Undefined offset: 1  in /var/www/html/store/lib/tcpdf/tcpdf.php on line 23311
2013-01-19T14:14:26+00:00 ERR (3): Notice: Undefined offset: 1  in /var/www/html/store/lib/tcpdf/tcpdf.php on line 23311
2013-01-19T14:14:26+00:00 ERR (3): Notice: Undefined offset: 1  in /var/www/html/store/lib/tcpdf/tcpdf.php on line 23311
2013-01-19T14:14:26+00:00 ERR (3): Notice: Undefined offset: 1  in /var/www/html/store/lib/tcpdf/tcpdf.php on line 23311
2013-01-19T14:37:50+00:00 ERR (3): Warning: array_key_exists() expects parameter 2 to be array, null given  in /var/www/html/store/app/code/core/Mage/Captcha/Model/Observer.php on line 166
2013-01-19T14:47:30+00:00 ERR (3): Notice: Undefined index: conditions  in /var/www/html/store/app/code/local/EM/Productsfilterwidget/Block/Productsfilterwidget.php on line 36
2013-01-19T14:47:30+00:00 ERR (3): Notice: Undefined index: conditions  in /var/www/html/store/app/code/local/EM/Productsfilterwidget/Block/Productsfilterwidget.php on line 153
2013-01-19T14:48:19+00:00 ERR (3): Notice: Undefined index: conditions  in /var/www/html/store/app/code/local/EM/Productsfilterwidget/Block/Productsfilterwidget.php on line 36
2013-01-19T14:48:20+00:00 ERR (3): Notice: Undefined index: conditions  in /var/www/html/store/app/code/local/EM/Productsfilterwidget/Block/Productsfilterwidget.php on line 153
2013-01-19T14:48:57+00:00 ERR (3): Notice: Undefined index: conditions  in /var/www/html/store/app/code/local/EM/Productsfilterwidget/Block/Productsfilterwidget.php on line 36
2013-01-19T14:48:58+00:00 ERR (3): Notice: Undefined index: conditions  in /var/www/html/store/app/code/local/EM/Productsfilterwidget/Block/Productsfilterwidget.php on line 153
2013-01-19T14:51:43+00:00 ERR (3): Notice: Undefined index: conditions  in /var/www/html/store/app/code/local/EM/Productsfilterwidget/Block/Productsfilterwidget.php on line 36
2013-01-19T14:51:43+00:00 ERR (3): Notice: Undefined index: conditions  in /var/www/html/store/app/code/local/EM/Productsfilterwidget/Block/Productsfilterwidget.php on line 153
2013-01-19T14:59:13+00:00 ERR (3): Warning: array_key_exists() expects parameter 2 to be array, null given  in /var/www/html/store/app/code/core/Mage/Captcha/Model/Observer.php on line 166
2013-01-19T15:05:16+00:00 ERR (3): Notice: Undefined variable: dimensions  in /var/www/html/store/app/code/community/BL/CustomGrid/Block/Widget/Grid/Column/Renderer/Product/Image.php on line 48
2013-01-19T15:05:16+00:00 ERR (3): Notice: Undefined variable: dimensions  in /var/www/html/store/app/code/community/BL/CustomGrid/Block/Widget/Grid/Column/Renderer/Product/Image.php on line 48
2013-01-19T15:05:16+00:00 ERR (3): Notice: Undefined variable: dimensions  in /var/www/html/store/app/code/community/BL/CustomGrid/Block/Widget/Grid/Column/Renderer/Product/Image.php on line 48
2013-01-19T15:05:16+00:00 ERR (3): Notice: Undefined variable: dimensions  in /var/www/html/store/app/code/community/BL/CustomGrid/Block/Widget/Grid/Column/Renderer/Product/Image.php on line 48
2013-01-19T15:05:16+00:00 ERR (3): Notice: Undefined variable: dimensions  in /var/www/html/store/app/code/community/BL/CustomGrid/Block/Widget/Grid/Column/Renderer/Product/Image.php on line 48
2013-01-19T15:05:16+00:00 ERR (3): Notice: Undefined variable: dimensions  in /var/www/html/store/app/code/community/BL/CustomGrid/Block/Widget/Grid/Column/Renderer/Product/Image.php on line 48
2013-01-19T15:05:16+00:00 ERR (3): Notice: Undefined variable: dimensions  in /var/www/html/store/app/code/community/BL/CustomGrid/Block/Widget/Grid/Column/Renderer/Product/Image.php on line 48
2013-01-19T15:05:16+00:00 ERR (3): Notice: Undefined variable: dimensions  in /var/www/html/store/app/code/community/BL/CustomGrid/Block/Widget/Grid/Column/Renderer/Product/Image.php on line 48
2013-01-19T15:05:16+00:00 ERR (3): Notice: Undefined variable: dimensions  in /var/www/html/store/app/code/community/BL/CustomGrid/Block/Widget/Grid/Column/Renderer/Product/Image.php on line 48
2013-01-19T15:05:16+00:00 ERR (3): Notice: Undefined variable: dimensions  in /var/www/html/store/app/code/community/BL/CustomGrid/Block/Widget/Grid/Column/Renderer/Product/Image.php on line 48
2013-01-19T15:05:16+00:00 ERR (3): Notice: Undefined variable: dimensions  in /var/www/html/store/app/code/community/BL/CustomGrid/Block/Widget/Grid/Column/Renderer/Product/Image.php on line 48
2013-01-19T15:05:16+00:00 ERR (3): Notice: Undefined variable: dimensions  in /var/www/html/store/app/code/community/BL/CustomGrid/Block/Widget/Grid/Column/Renderer/Product/Image.php on line 48
2013-01-19T15:05:16+00:00 ERR (3): Notice: Undefined variable: dimensions  in /var/www/html/store/app/code/community/BL/CustomGrid/Block/Widget/Grid/Column/Renderer/Product/Image.php on line 48
2013-01-19T15:05:49+00:00 ERR (3): Notice: Undefined variable: dimensions  in /var/www/html/store/app/code/community/BL/CustomGrid/Block/Widget/Grid/Column/Renderer/Product/Image.php on line 48
2013-01-19T15:05:49+00:00 ERR (3): Notice: Undefined variable: dimensions  in /var/www/html/store/app/code/community/BL/CustomGrid/Block/Widget/Grid/Column/Renderer/Product/Image.php on line 48
2013-01-19T15:05:49+00:00 ERR (3): Notice: Undefined variable: dimensions  in /var/www/html/store/app/code/community/BL/CustomGrid/Block/Widget/Grid/Column/Renderer/Product/Image.php on line 48
2013-01-19T15:05:49+00:00 ERR (3): Notice: Undefined variable: dimensions  in /var/www/html/store/app/code/community/BL/CustomGrid/Block/Widget/Grid/Column/Renderer/Product/Image.php on line 48
2013-01-19T15:05:49+00:00 ERR (3): Notice: Undefined variable: dimensions  in /var/www/html/store/app/code/community/BL/CustomGrid/Block/Widget/Grid/Column/Renderer/Product/Image.php on line 48
2013-01-19T15:05:49+00:00 ERR (3): Notice: Undefined variable: dimensions  in /var/www/html/store/app/code/community/BL/CustomGrid/Block/Widget/Grid/Column/Renderer/Product/Image.php on line 48
2013-01-19T15:05:49+00:00 ERR (3): Notice: Undefined variable: dimensions  in /var/www/html/store/app/code/community/BL/CustomGrid/Block/Widget/Grid/Column/Renderer/Product/Image.php on line 48
2013-01-19T15:05:49+00:00 ERR (3): Notice: Undefined variable: dimensions  in /var/www/html/store/app/code/community/BL/CustomGrid/Block/Widget/Grid/Column/Renderer/Product/Image.php on line 48
2013-01-19T15:05:49+00:00 ERR (3): Notice: Undefined variable: dimensions  in /var/www/html/store/app/code/community/BL/CustomGrid/Block/Widget/Grid/Column/Renderer/Product/Image.php on line 48
2013-01-19T15:05:49+00:00 ERR (3): Notice: Undefined variable: dimensions  in /var/www/html/store/app/code/community/BL/CustomGrid/Block/Widget/Grid/Column/Renderer/Product/Image.php on line 48
2013-01-19T15:05:49+00:00 ERR (3): Notice: Undefined variable: dimensions  in /var/www/html/store/app/code/community/BL/CustomGrid/Block/Widget/Grid/Column/Renderer/Product/Image.php on line 48
2013-01-19T15:05:49+00:00 ERR (3): Notice: Undefined variable: dimensions  in /var/www/html/store/app/code/community/BL/CustomGrid/Block/Widget/Grid/Column/Renderer/Product/Image.php on line 48
2013-01-19T15:05:49+00:00 ERR (3): Notice: Undefined variable: dimensions  in /var/www/html/store/app/code/community/BL/CustomGrid/Block/Widget/Grid/Column/Renderer/Product/Image.php on line 48
2013-01-19T15:07:07+00:00 ERR (3): Notice: Undefined variable: dimensions  in /var/www/html/store/app/code/community/BL/CustomGrid/Block/Widget/Grid/Column/Renderer/Product/Image.php on line 48
2013-01-19T15:07:07+00:00 ERR (3): Notice: Undefined variable: dimensions  in /var/www/html/store/app/code/community/BL/CustomGrid/Block/Widget/Grid/Column/Renderer/Product/Image.php on line 48
2013-01-19T15:07:07+00:00 ERR (3): Notice: Undefined variable: dimensions  in /var/www/html/store/app/code/community/BL/CustomGrid/Block/Widget/Grid/Column/Renderer/Product/Image.php on line 48
2013-01-19T15:07:07+00:00 ERR (3): Notice: Undefined variable: dimensions  in /var/www/html/store/app/code/community/BL/CustomGrid/Block/Widget/Grid/Column/Renderer/Product/Image.php on line 48
2013-01-19T15:07:07+00:00 ERR (3): Notice: Undefined variable: dimensions  in /var/www/html/store/app/code/community/BL/CustomGrid/Block/Widget/Grid/Column/Renderer/Product/Image.php on line 48
2013-01-19T15:07:07+00:00 ERR (3): Notice: Undefined variable: dimensions  in /var/www/html/store/app/code/community/BL/CustomGrid/Block/Widget/Grid/Column/Renderer/Product/Image.php on line 48
2013-01-19T15:07:07+00:00 ERR (3): Notice: Undefined variable: dimensions  in /var/www/html/store/app/code/community/BL/CustomGrid/Block/Widget/Grid/Column/Renderer/Product/Image.php on line 48
2013-01-19T15:07:07+00:00 ERR (3): Notice: Undefined variable: dimensions  in /var/www/html/store/app/code/community/BL/CustomGrid/Block/Widget/Grid/Column/Renderer/Product/Image.php on line 48
2013-01-19T15:07:07+00:00 ERR (3): Notice: Undefined variable: dimensions  in /var/www/html/store/app/code/community/BL/CustomGrid/Block/Widget/Grid/Column/Renderer/Product/Image.php on line 48
2013-01-19T15:07:07+00:00 ERR (3): Notice: Undefined variable: dimensions  in /var/www/html/store/app/code/community/BL/CustomGrid/Block/Widget/Grid/Column/Renderer/Product/Image.php on line 48
2013-01-19T15:07:07+00:00 ERR (3): Notice: Undefined variable: dimensions  in /var/www/html/store/app/code/community/BL/CustomGrid/Block/Widget/Grid/Column/Renderer/Product/Image.php on line 48
2013-01-19T15:07:07+00:00 ERR (3): Notice: Undefined variable: dimensions  in /var/www/html/store/app/code/community/BL/CustomGrid/Block/Widget/Grid/Column/Renderer/Product/Image.php on line 48
2013-01-19T15:07:07+00:00 ERR (3): Notice: Undefined variable: dimensions  in /var/www/html/store/app/code/community/BL/CustomGrid/Block/Widget/Grid/Column/Renderer/Product/Image.php on line 48
2013-01-19T15:07:25+00:00 ERR (3): Notice: Undefined variable: dimensions  in /var/www/html/store/app/code/community/BL/CustomGrid/Block/Widget/Grid/Column/Renderer/Product/Image.php on line 48
2013-01-19T15:07:25+00:00 ERR (3): Notice: Undefined variable: dimensions  in /var/www/html/store/app/code/community/BL/CustomGrid/Block/Widget/Grid/Column/Renderer/Product/Image.php on line 48
2013-01-19T15:07:26+00:00 ERR (3): Notice: Undefined variable: dimensions  in /var/www/html/store/app/code/community/BL/CustomGrid/Block/Widget/Grid/Column/Renderer/Product/Image.php on line 48
2013-01-19T15:07:26+00:00 ERR (3): Notice: Undefined variable: dimensions  in /var/www/html/store/app/code/community/BL/CustomGrid/Block/Widget/Grid/Column/Renderer/Product/Image.php on line 48
2013-01-19T15:08:03+00:00 ERR (3): Notice: Undefined variable: dimensions  in /var/www/html/store/app/code/community/BL/CustomGrid/Block/Widget/Grid/Column/Renderer/Product/Image.php on line 48
2013-01-19T15:08:03+00:00 ERR (3): Notice: Undefined variable: dimensions  in /var/www/html/store/app/code/community/BL/CustomGrid/Block/Widget/Grid/Column/Renderer/Product/Image.php on line 48
2013-01-19T15:08:03+00:00 ERR (3): Notice: Undefined variable: dimensions  in /var/www/html/store/app/code/community/BL/CustomGrid/Block/Widget/Grid/Column/Renderer/Product/Image.php on line 48
2013-01-19T15:08:03+00:00 ERR (3): Notice: Undefined variable: dimensions  in /var/www/html/store/app/code/community/BL/CustomGrid/Block/Widget/Grid/Column/Renderer/Product/Image.php on line 48
2013-01-19T15:08:52+00:00 ERR (3): Notice: Undefined variable: dimensions  in /var/www/html/store/app/code/community/BL/CustomGrid/Block/Widget/Grid/Column/Renderer/Product/Image.php on line 48
2013-01-19T15:08:52+00:00 ERR (3): Notice: Undefined variable: dimensions  in /var/www/html/store/app/code/community/BL/CustomGrid/Block/Widget/Grid/Column/Renderer/Product/Image.php on line 48
2013-01-19T15:08:52+00:00 ERR (3): Notice: Undefined variable: dimensions  in /var/www/html/store/app/code/community/BL/CustomGrid/Block/Widget/Grid/Column/Renderer/Product/Image.php on line 48
2013-01-19T15:08:52+00:00 ERR (3): Notice: Undefined variable: dimensions  in /var/www/html/store/app/code/community/BL/CustomGrid/Block/Widget/Grid/Column/Renderer/Product/Image.php on line 48
2013-01-19T15:09:17+00:00 ERR (3): Notice: Undefined variable: dimensions  in /var/www/html/store/app/code/community/BL/CustomGrid/Block/Widget/Grid/Column/Renderer/Product/Image.php on line 48
2013-01-19T15:09:17+00:00 ERR (3): Notice: Undefined variable: dimensions  in /var/www/html/store/app/code/community/BL/CustomGrid/Block/Widget/Grid/Column/Renderer/Product/Image.php on line 48
2013-01-19T15:09:17+00:00 ERR (3): Notice: Undefined variable: dimensions  in /var/www/html/store/app/code/community/BL/CustomGrid/Block/Widget/Grid/Column/Renderer/Product/Image.php on line 48
2013-01-19T15:09:17+00:00 ERR (3): Notice: Undefined variable: dimensions  in /var/www/html/store/app/code/community/BL/CustomGrid/Block/Widget/Grid/Column/Renderer/Product/Image.php on line 48
2013-01-19T15:10:02+00:00 ERR (3): Notice: Undefined variable: dimensions  in /var/www/html/store/app/code/community/BL/CustomGrid/Block/Widget/Grid/Column/Renderer/Product/Image.php on line 48
2013-01-19T15:10:02+00:00 ERR (3): Notice: Undefined variable: dimensions  in /var/www/html/store/app/code/community/BL/CustomGrid/Block/Widget/Grid/Column/Renderer/Product/Image.php on line 48
2013-01-19T15:10:02+00:00 ERR (3): Notice: Undefined variable: dimensions  in /var/www/html/store/app/code/community/BL/CustomGrid/Block/Widget/Grid/Column/Renderer/Product/Image.php on line 48
2013-01-19T15:10:02+00:00 ERR (3): Notice: Undefined variable: dimensions  in /var/www/html/store/app/code/community/BL/CustomGrid/Block/Widget/Grid/Column/Renderer/Product/Image.php on line 48
2013-01-19T15:24:09+00:00 ERR (3): Notice: Undefined index: conditions  in /var/www/html/store/app/code/local/EM/Productsfilterwidget/Block/Productsfilterwidget.php on line 36
2013-01-19T15:24:09+00:00 ERR (3): Notice: Undefined index: conditions  in /var/www/html/store/app/code/local/EM/Productsfilterwidget/Block/Productsfilterwidget.php on line 153
2013-01-19T15:54:05+00:00 ERR (3): Notice: Undefined offset: 1  in /var/www/html/store/lib/tcpdf/tcpdf.php on line 23311
2013-01-19T15:54:05+00:00 ERR (3): Notice: Undefined offset: 1  in /var/www/html/store/lib/tcpdf/tcpdf.php on line 23311
2013-01-19T15:54:05+00:00 ERR (3): Notice: Undefined offset: 1  in /var/www/html/store/lib/tcpdf/tcpdf.php on line 23311
2013-01-19T15:54:05+00:00 ERR (3): Notice: Undefined offset: 1  in /var/www/html/store/lib/tcpdf/tcpdf.php on line 23311
2013-01-19T15:54:05+00:00 ERR (3): Notice: Undefined offset: 1  in /var/www/html/store/lib/tcpdf/tcpdf.php on line 23311
2013-01-19T15:54:05+00:00 ERR (3): Notice: Undefined offset: 1  in /var/www/html/store/lib/tcpdf/tcpdf.php on line 23311
2013-01-19T15:55:05+00:00 ERR (3): Notice: Undefined offset: 1  in /var/www/html/store/lib/tcpdf/tcpdf.php on line 23311
2013-01-19T15:55:05+00:00 ERR (3): Notice: Undefined offset: 1  in /var/www/html/store/lib/tcpdf/tcpdf.php on line 23311
2013-01-19T15:55:05+00:00 ERR (3): Notice: Undefined offset: 1  in /var/www/html/store/lib/tcpdf/tcpdf.php on line 23311
2013-01-19T15:55:05+00:00 ERR (3): Notice: Undefined offset: 1  in /var/www/html/store/lib/tcpdf/tcpdf.php on line 23311
2013-01-19T15:55:05+00:00 ERR (3): Notice: Undefined offset: 1  in /var/www/html/store/lib/tcpdf/tcpdf.php on line 23311
2013-01-19T15:55:05+00:00 ERR (3): Notice: Undefined offset: 1  in /var/www/html/store/lib/tcpdf/tcpdf.php on line 23311
2013-01-19T15:55:06+00:00 ERR (3): Notice: Undefined offset: 1  in /var/www/html/store/lib/tcpdf/tcpdf.php on line 23311
2013-01-19T15:55:06+00:00 ERR (3): Notice: Undefined offset: 1  in /var/www/html/store/lib/tcpdf/tcpdf.php on line 23311
2013-01-19T15:55:06+00:00 ERR (3): Notice: Undefined offset: 1  in /var/www/html/store/lib/tcpdf/tcpdf.php on line 23311
2013-01-19T15:55:06+00:00 ERR (3): Notice: Undefined offset: 1  in /var/www/html/store/lib/tcpdf/tcpdf.php on line 23311
2013-01-19T15:55:06+00:00 ERR (3): Notice: Undefined offset: 1  in /var/www/html/store/lib/tcpdf/tcpdf.php on line 23311
2013-01-19T15:55:06+00:00 ERR (3): Notice: Undefined offset: 1  in /var/www/html/store/lib/tcpdf/tcpdf.php on line 23311
